<?xml version="1.0" encoding="UTF-8"?>
<!-- Generated by org.testng.reporters.JUnitReportReporter -->
<testsuite hostname="Jarvis" failures="0" tests="1" name="test.TC002_LoginTest" time="6.832" errors="0" timestamp="2024-03-01T10:54:41 IST" skipped="0">
  <testcase classname="test.TC002_LoginTest" name="LoginTest" time="6.832"/>
  <system-out/>
</testsuite> <!-- test.TC002_LoginTest -->
